This is pdfTeX, Version 3.14159265-2.6-1.40.21 (TeX Live 2020/Debian) (preloaded format=pdflatex 2020.11.14)  16 DEC 2020 11:36
entering extended mode
 restricted \write18 enabled.
 %&-line parsing enabled.
**"The Proposed Method for Hand Gesture Recognition.tex"
(./The Proposed Method for Hand Gesture Recognition.tex
LaTeX2e <2020-02-02> patch level 5
L3 programming layer <2020-09-24>
(/usr/share/texlive/texmf-dist/tex/latex/base/article.cls
Document Class: article 2019/12/20 v1.4l Standard LaTeX document class
(/usr/share/texlive/texmf-dist/tex/latex/base/size10.clo
File: size10.clo 2019/12/20 v1.4l Standard LaTeX file (size option)
)
\c@part=\count168
\c@section=\count169
\c@subsection=\count170
\c@subsubsection=\count171
\c@paragraph=\count172
\c@subparagraph=\count173
\c@figure=\count174
\c@table=\count175
\abovecaptionskip=\skip47
\belowcaptionskip=\skip48
\bibindent=\dimen134
)
(/usr/share/texlive/texmf-dist/tex/latex/base/inputenc.sty
Package: inputenc 2018/08/11 v1.3c Input encoding file
\inpenc@prehook=\toks15
\inpenc@posthook=\toks16
)
(/usr/share/texlive/texmf-dist/tex/generic/babel/babel.sty
Package: babel 2020/09/01 3.48 The Babel package

(/usr/share/texlive/texmf-dist/tex/generic/babel/babel.def
File: babel.def 2020/09/01 3.48 Babel common definitions
\babel@savecnt=\count176
\U@D=\dimen135
\l@babelnohyphens=\language5

(/usr/share/texlive/texmf-dist/tex/generic/babel/txtbabel.def)
\bbl@readstream=\read2
)
\bbl@dirlevel=\count177

(/usr/share/texlive/texmf-dist/tex/generic/babel-english/english.ldf
Language: english 2017/06/06 v3.3r English support from the babel system
Package babel Info: \l@canadian = using hyphenrules for english
(babel)             (\language0) on input line 102.
Package babel Info: \l@australian = using hyphenrules for ukenglish
(babel)             (\language3) on input line 105.
Package babel Info: \l@newzealand = using hyphenrules for ukenglish
(babel)             (\language3) on input line 108.
))
(/usr/share/texlive/texmf-dist/tex/latex/amsmath/amsmath.sty
Package: amsmath 2020/01/20 v2.17e AMS math features
\@mathmargin=\skip49

For additional information on amsmath, use the `?' option.
(/usr/share/texlive/texmf-dist/tex/latex/amsmath/amstext.sty
Package: amstext 2000/06/29 v2.01 AMS text

(/usr/share/texlive/texmf-dist/tex/latex/amsmath/amsgen.sty
File: amsgen.sty 1999/11/30 v2.0 generic functions
\@emptytoks=\toks17
\ex@=\dimen136
))
(/usr/share/texlive/texmf-dist/tex/latex/amsmath/amsbsy.sty
Package: amsbsy 1999/11/29 v1.2d Bold Symbols
\pmbraise@=\dimen137
)
(/usr/share/texlive/texmf-dist/tex/latex/amsmath/amsopn.sty
Package: amsopn 2016/03/08 v2.02 operator names
)
\inf@bad=\count178
LaTeX Info: Redefining \frac on input line 227.
\uproot@=\count179
\leftroot@=\count180
LaTeX Info: Redefining \overline on input line 389.
\classnum@=\count181
\DOTSCASE@=\count182
LaTeX Info: Redefining \ldots on input line 486.
LaTeX Info: Redefining \dots on input line 489.
LaTeX Info: Redefining \cdots on input line 610.
\Mathstrutbox@=\box45
\strutbox@=\box46
\big@size=\dimen138
LaTeX Font Info:    Redeclaring font encoding OML on input line 733.
LaTeX Font Info:    Redeclaring font encoding OMS on input line 734.
\macc@depth=\count183
\c@MaxMatrixCols=\count184
\dotsspace@=\muskip16
\c@parentequation=\count185
\dspbrk@lvl=\count186
\tag@help=\toks18
\row@=\count187
\column@=\count188
\maxfields@=\count189
\andhelp@=\toks19
\eqnshift@=\dimen139
\alignsep@=\dimen140
\tagshift@=\dimen141
\tagwidth@=\dimen142
\totwidth@=\dimen143
\lineht@=\dimen144
\@envbody=\toks20
\multlinegap=\skip50
\multlinetaggap=\skip51
\mathdisplay@stack=\toks21
LaTeX Info: Redefining \[ on input line 2859.
LaTeX Info: Redefining \] on input line 2860.
)
(/usr/share/texlive/texmf-dist/tex/latex/graphics/graphicx.sty
Package: graphicx 2019/11/30 v1.2a Enhanced LaTeX Graphics (DPC,SPQR)

(/usr/share/texlive/texmf-dist/tex/latex/graphics/keyval.sty
Package: keyval 2014/10/28 v1.15 key=value parser (DPC)
\KV@toks@=\toks22
)
(/usr/share/texlive/texmf-dist/tex/latex/graphics/graphics.sty
Package: graphics 2019/11/30 v1.4a Standard LaTeX Graphics (DPC,SPQR)

(/usr/share/texlive/texmf-dist/tex/latex/graphics/trig.sty
Package: trig 2016/01/03 v1.10 sin cos tan (DPC)
)
(/usr/share/texlive/texmf-dist/tex/latex/graphics-cfg/graphics.cfg
File: graphics.cfg 2016/06/04 v1.11 sample graphics configuration
)
Package graphics Info: Driver file: pdftex.def on input line 105.

(/usr/share/texlive/texmf-dist/tex/latex/graphics-def/pdftex.def
File: pdftex.def 2020/08/26 v1.2 Graphics/color driver for pdftex
))
\Gin@req@height=\dimen145
\Gin@req@width=\dimen146
)
(/usr/share/texlive/texmf-dist/tex/latex/xcolor/xcolor.sty
Package: xcolor 2016/05/11 v2.12 LaTeX color extensions (UK)

(/usr/share/texlive/texmf-dist/tex/latex/graphics-cfg/color.cfg
File: color.cfg 2016/01/02 v1.6 sample color configuration
)
Package xcolor Info: Driver file: pdftex.def on input line 225.
Package xcolor Info: Model `cmy' substituted by `cmy0' on input line 1348.
Package xcolor Info: Model `hsb' substituted by `rgb' on input line 1352.
Package xcolor Info: Model `RGB' extended on input line 1364.
Package xcolor Info: Model `HTML' substituted by `rgb' on input line 1366.
Package xcolor Info: Model `Hsb' substituted by `hsb' on input line 1367.
Package xcolor Info: Model `tHsb' substituted by `hsb' on input line 1368.
Package xcolor Info: Model `HSB' substituted by `hsb' on input line 1369.
Package xcolor Info: Model `Gray' substituted by `gray' on input line 1370.
Package xcolor Info: Model `wave' substituted by `hsb' on input line 1371.
)
(/usr/share/texlive/texmf-dist/tex/latex/hyperref/hyperref.sty
Package: hyperref 2020-05-15 v7.00e Hypertext links for LaTeX

(/usr/share/texlive/texmf-dist/tex/generic/ltxcmds/ltxcmds.sty
Package: ltxcmds 2020-05-10 v1.25 LaTeX kernel commands for general use (HO)
)
(/usr/share/texlive/texmf-dist/tex/generic/iftex/iftex.sty
Package: iftex 2020/03/06 v1.0d TeX engine tests
)
(/usr/share/texlive/texmf-dist/tex/generic/pdftexcmds/pdftexcmds.sty
Package: pdftexcmds 2020-06-27 v0.33 Utility functions of pdfTeX for LuaTeX (HO
)

(/usr/share/texlive/texmf-dist/tex/generic/infwarerr/infwarerr.sty
Package: infwarerr 2019/12/03 v1.5 Providing info/warning/error messages (HO)
)
Package pdftexcmds Info: \pdf@primitive is available.
Package pdftexcmds Info: \pdf@ifprimitive is available.
Package pdftexcmds Info: \pdfdraftmode found.
)
(/usr/share/texlive/texmf-dist/tex/generic/kvsetkeys/kvsetkeys.sty
Package: kvsetkeys 2019/12/15 v1.18 Key value parser (HO)
)
(/usr/share/texlive/texmf-dist/tex/generic/kvdefinekeys/kvdefinekeys.sty
Package: kvdefinekeys 2019-12-19 v1.6 Define keys (HO)
)
(/usr/share/texlive/texmf-dist/tex/generic/pdfescape/pdfescape.sty
Package: pdfescape 2019/12/09 v1.15 Implements pdfTeX's escape features (HO)
)
(/usr/share/texlive/texmf-dist/tex/latex/hycolor/hycolor.sty
Package: hycolor 2020-01-27 v1.10 Color options for hyperref/bookmark (HO)
)
(/usr/share/texlive/texmf-dist/tex/latex/letltxmacro/letltxmacro.sty
Package: letltxmacro 2019/12/03 v1.6 Let assignment for LaTeX macros (HO)
)
(/usr/share/texlive/texmf-dist/tex/latex/auxhook/auxhook.sty
Package: auxhook 2019-12-17 v1.6 Hooks for auxiliary files (HO)
)
(/usr/share/texlive/texmf-dist/tex/latex/kvoptions/kvoptions.sty
Package: kvoptions 2019/11/29 v3.13 Key value format for package options (HO)
)
\@linkdim=\dimen147
\Hy@linkcounter=\count190
\Hy@pagecounter=\count191

(/usr/share/texlive/texmf-dist/tex/latex/hyperref/pd1enc.def
File: pd1enc.def 2020-05-15 v7.00e Hyperref: PDFDocEncoding definition (HO)
Now handling font encoding PD1 ...
... no UTF-8 mapping file for font encoding PD1
)
(/usr/share/texlive/texmf-dist/tex/generic/intcalc/intcalc.sty
Package: intcalc 2019/12/15 v1.3 Expandable calculations with integers (HO)
)
(/usr/share/texlive/texmf-dist/tex/generic/etexcmds/etexcmds.sty
Package: etexcmds 2019/12/15 v1.7 Avoid name clashes with e-TeX commands (HO)
)
\Hy@SavedSpaceFactor=\count192
Package hyperref Info: Hyper figures OFF on input line 4464.
Package hyperref Info: Link nesting OFF on input line 4469.
Package hyperref Info: Hyper index ON on input line 4472.
Package hyperref Info: Plain pages OFF on input line 4479.
Package hyperref Info: Backreferencing OFF on input line 4484.
Package hyperref Info: Implicit mode ON; LaTeX internals redefined.
Package hyperref Info: Bookmarks ON on input line 4717.
\c@Hy@tempcnt=\count193

(/usr/share/texlive/texmf-dist/tex/latex/url/url.sty
\Urlmuskip=\muskip17
Package: url 2013/09/16  ver 3.4  Verb mode for urls, etc.
)
LaTeX Info: Redefining \url on input line 5076.
\XeTeXLinkMargin=\dimen148

(/usr/share/texlive/texmf-dist/tex/generic/bitset/bitset.sty
Package: bitset 2019/12/09 v1.3 Handle bit-vector datatype (HO)

(/usr/share/texlive/texmf-dist/tex/generic/bigintcalc/bigintcalc.sty
Package: bigintcalc 2019/12/15 v1.5 Expandable calculations on big integers (HO
)
))
\Fld@menulength=\count194
\Field@Width=\dimen149
\Fld@charsize=\dimen150
Package hyperref Info: Hyper figures OFF on input line 6347.
Package hyperref Info: Link nesting OFF on input line 6352.
Package hyperref Info: Hyper index ON on input line 6355.
Package hyperref Info: backreferencing OFF on input line 6362.
Package hyperref Info: Link coloring OFF on input line 6367.
Package hyperref Info: Link coloring with OCG OFF on input line 6372.
Package hyperref Info: PDF/A mode OFF on input line 6377.
LaTeX Info: Redefining \ref on input line 6417.
LaTeX Info: Redefining \pageref on input line 6421.

(/usr/share/texlive/texmf-dist/tex/generic/atbegshi/atbegshi.sty
Package: atbegshi 2019/12/05 v1.19 At begin shipout hook (HO)
)
\Hy@abspage=\count195
\c@Item=\count196
\c@Hfootnote=\count197
)
Package hyperref Info: Driver (autodetected): hpdftex.

(/usr/share/texlive/texmf-dist/tex/latex/hyperref/hpdftex.def
File: hpdftex.def 2020-05-15 v7.00e Hyperref driver for pdfTeX

(/usr/share/texlive/texmf-dist/tex/latex/atveryend/atveryend.sty
Package: atveryend 2019-12-11 v1.11 Hooks at the very end of document (HO)
Package atveryend Info: \enddocument detected (standard20110627).
)
\Fld@listcount=\count198
\c@bookmark@seq@number=\count199

(/usr/share/texlive/texmf-dist/tex/latex/rerunfilecheck/rerunfilecheck.sty
Package: rerunfilecheck 2019/12/05 v1.9 Rerun checks for auxiliary files (HO)

(/usr/share/texlive/texmf-dist/tex/generic/uniquecounter/uniquecounter.sty
Package: uniquecounter 2019/12/15 v1.4 Provide unlimited unique counter (HO)
)
Package uniquecounter Info: New unique counter `rerunfilecheck' on input line 2
86.
)
\Hy@SectionHShift=\skip52
)
(/usr/share/texlive/texmf-dist/tex/latex/geometry/geometry.sty
Package: geometry 2020/01/02 v5.9 Page Geometry

(/usr/share/texlive/texmf-dist/tex/generic/iftex/ifvtex.sty
Package: ifvtex 2019/10/25 v1.7 ifvtex legacy package. Use iftex instead.
)
\Gm@cnth=\count266
\Gm@cntv=\count267
\c@Gm@tempcnt=\count268
\Gm@bindingoffset=\dimen151
\Gm@wd@mp=\dimen152
\Gm@odd@mp=\dimen153
\Gm@even@mp=\dimen154
\Gm@layoutwidth=\dimen155
\Gm@layoutheight=\dimen156
\Gm@layouthoffset=\dimen157
\Gm@layoutvoffset=\dimen158
\Gm@dimlist=\toks23
)
(/usr/share/texlive/texmf-dist/tex/latex/capt-of/capt-of.sty
Package: capt-of 2009/12/29 v0.2 standard captions outside of floats
)
(/usr/share/texlive/texmf-dist/tex/latex/blindtext/blindtext.sty
Package: blindtext 2012/01/06 V2.0 blindtext-Package

(/usr/share/texlive/texmf-dist/tex/latex/tools/xspace.sty
Package: xspace 2014/10/28 v1.13 Space after command names (DPC,MH)
)
\c@blindtext=\count269
\c@Blindtext=\count270
\c@blind@countparstart=\count271
\blind@countxx=\count272
\blindtext@numBlindtext=\count273
\blind@countyy=\count274
\c@blindlist=\count275
\c@blindlistlevel=\count276
\c@blindlist@level=\count277
\blind@listitem=\count278
\c@blind@listcount=\count279
\c@blind@levelcount=\count280
\blind@mathformula=\count281
\blind@Mathformula=\count282
\c@blind@randomcount=\count283
\c@blind@randommax=\count284
\c@blind@pangramcount=\count285
\c@blind@pangrammax=\count286
)
Package hyperref Info: Option `colorlinks' set `false' on input line 18.

(/usr/share/texlive/texmf-dist/tex/latex/l3backend/l3backend-pdftex.def
File: l3backend-pdftex.def 2020-09-24 L3 backend support: PDF output (pdfTeX)
\l__kernel_color_stack_int=\count287
\l__pdf_internal_box=\box47
)
(./The Proposed Method for Hand Gesture Recognition.aux)
\openout1 = `"The Proposed Method for Hand Gesture Recognition.aux"'.

LaTeX Font Info:    Checking defaults for OML/cmm/m/it on input line 19.
LaTeX Font Info:    ... okay on input line 19.
LaTeX Font Info:    Checking defaults for OMS/cmsy/m/n on input line 19.
LaTeX Font Info:    ... okay on input line 19.
LaTeX Font Info:    Checking defaults for OT1/cmr/m/n on input line 19.
LaTeX Font Info:    ... okay on input line 19.
LaTeX Font Info:    Checking defaults for T1/cmr/m/n on input line 19.
LaTeX Font Info:    ... okay on input line 19.
LaTeX Font Info:    Checking defaults for TS1/cmr/m/n on input line 19.
LaTeX Font Info:    ... okay on input line 19.
LaTeX Font Info:    Checking defaults for OMX/cmex/m/n on input line 19.
LaTeX Font Info:    ... okay on input line 19.
LaTeX Font Info:    Checking defaults for U/cmr/m/n on input line 19.
LaTeX Font Info:    ... okay on input line 19.
LaTeX Font Info:    Checking defaults for PD1/pdf/m/n on input line 19.
LaTeX Font Info:    ... okay on input line 19.

(/usr/share/texlive/texmf-dist/tex/context/base/mkii/supp-pdf.mkii
[Loading MPS to PDF converter (version 2006.09.02).]
\scratchcounter=\count288
\scratchdimen=\dimen159
\scratchbox=\box48
\nofMPsegments=\count289
\nofMParguments=\count290
\everyMPshowfont=\toks24
\MPscratchCnt=\count291
\MPscratchDim=\dimen160
\MPnumerator=\count292
\makeMPintoPDFobject=\count293
\everyMPtoPDFconversion=\toks25
) (/usr/share/texlive/texmf-dist/tex/latex/epstopdf-pkg/epstopdf-base.sty
Package: epstopdf-base 2020-01-24 v2.11 Base part for package epstopdf
Package epstopdf-base Info: Redefining graphics rule for `.eps' on input line 4
85.

(/usr/share/texlive/texmf-dist/tex/latex/latexconfig/epstopdf-sys.cfg
File: epstopdf-sys.cfg 2010/07/13 v1.3 Configuration of (r)epstopdf for TeX Liv
e
))
\AtBeginShipoutBox=\box49
Package hyperref Info: Link coloring OFF on input line 19.

(/usr/share/texlive/texmf-dist/tex/latex/hyperref/nameref.sty
Package: nameref 2019/09/16 v2.46 Cross-referencing by name of section

(/usr/share/texlive/texmf-dist/tex/latex/refcount/refcount.sty
Package: refcount 2019/12/15 v3.6 Data extraction from label references (HO)
)
(/usr/share/texlive/texmf-dist/tex/generic/gettitlestring/gettitlestring.sty
Package: gettitlestring 2019/12/15 v1.6 Cleanup title references (HO)
)
\c@section@level=\count294
)
LaTeX Info: Redefining \ref on input line 19.
LaTeX Info: Redefining \pageref on input line 19.
LaTeX Info: Redefining \nameref on input line 19.

(./The Proposed Method for Hand Gesture Recognition.out)
(./The Proposed Method for Hand Gesture Recognition.out)
\@outlinefile=\write3
\openout3 = `"The Proposed Method for Hand Gesture Recognition.out"'.


*geometry* driver: auto-detecting
*geometry* detected driver: pdftex
*geometry* verbose mode - [ preamble ] result:
* driver: pdftex
* paper: a4paper
* layout: <same size as paper>
* layoutoffset:(h,v)=(0.0pt,0.0pt)
* modes: 
* h-part:(L,W,R)=(72.26999pt, 452.9679pt, 72.26999pt)
* v-part:(T,H,B)=(72.26999pt, 700.50687pt, 72.26999pt)
* \paperwidth=597.50787pt
* \paperheight=845.04684pt
* \textwidth=452.9679pt
* \textheight=700.50687pt
* \oddsidemargin=0.0pt
* \evensidemargin=0.0pt
* \topmargin=-37.0pt
* \headheight=12.0pt
* \headsep=25.0pt
* \topskip=10.0pt
* \footskip=30.0pt
* \marginparwidth=57.0pt
* \marginparsep=11.0pt
* \columnsep=10.0pt
* \skip\footins=9.0pt plus 4.0pt minus 2.0pt
* \hoffset=0.0pt
* \voffset=0.0pt
* \mag=1000
* \@twocolumnfalse
* \@twosidefalse
* \@mparswitchfalse
* \@reversemarginfalse
* (1in=72.27pt=25.4mm, 1cm=28.453pt)

<./images/fig1.jpg, id=77, 144.54pt x 33.2442pt>
File: ./images/fig1.jpg Graphic file (type jpg)
<use ./images/fig1.jpg>
Package pdftex.def Info: ./images/fig1.jpg  used on input line 28.
(pdftex.def)             Requested size: 245.71692pt x 56.51488pt.
<./images/fig2.jpg, id=79, 144.54pt x 105.5142pt>
File: ./images/fig2.jpg Graphic file (type jpg)
<use ./images/fig2.jpg>
Package pdftex.def Info: ./images/fig2.jpg  used on input line 43.
(pdftex.def)             Requested size: 245.71692pt x 179.37338pt.
[1

{/var/lib/texmf/fonts/map/pdftex/updmap/pdftex.map} <./images/Fig1.jpg> <./imag
es/Fig2.jpg>]
<./images/fig3.jpg, id=90, 144.54pt x 139.2402pt>
File: ./images/fig3.jpg Graphic file (type jpg)
<use ./images/fig3.jpg>
Package pdftex.def Info: ./images/fig3.jpg  used on input line 60.
(pdftex.def)             Requested size: 245.71692pt x 236.70732pt.
<./images/fig4_a.jpg, id=96, 118.2819pt x 86.2422pt>
File: ./images/fig4_a.jpg Graphic file (type jpg)
<use ./images/fig4_a.jpg>
Package pdftex.def Info: ./images/fig4_a.jpg  used on input line 77.
(pdftex.def)             Requested size: 177.4224pt x 129.36296pt.
<./images/fig4_b.jpg, id=97, 118.7637pt x 86.2422pt>
File: ./images/fig4_b.jpg Graphic file (type jpg)
<use ./images/fig4_b.jpg>
Package pdftex.def Info: ./images/fig4_b.jpg  used on input line 83.
(pdftex.def)             Requested size: 178.1451pt x 129.36296pt.
<./images/fig4_c.jpg, id=98, 144.54pt x 139.2402pt>
File: ./images/fig4_c.jpg Graphic file (type jpg)
<use ./images/fig4_c.jpg>
Package pdftex.def Info: ./images/fig4_c.jpg  used on input line 95.
(pdftex.def)             Requested size: 245.71692pt x 236.70732pt.


LaTeX Warning: `!h' float specifier changed to `!ht'.

<./images/fig5.jpg, id=99, 144.54pt x 135.1449pt>
File: ./images/fig5.jpg Graphic file (type jpg)
<use ./images/fig5.jpg>
Package pdftex.def Info: ./images/fig5.jpg  used on input line 104.
(pdftex.def)             Requested size: 245.71692pt x 229.74533pt.

LaTeX Warning: `!h' float specifier changed to `!ht'.

[2 <./images/Fig3.jpg> <./images/Fig4_a.jpg> <./images/fig4_b.jpg>] [3 <./image
s/Fig4_c.jpg> <./images/Fig5.jpg>]
<./images/fig6.jpg, id=118, 144.54pt x 139.2402pt>
File: ./images/fig6.jpg Graphic file (type jpg)
<use ./images/fig6.jpg>
Package pdftex.def Info: ./images/fig6.jpg  used on input line 129.
(pdftex.def)             Requested size: 245.71692pt x 236.70732pt.
<./images/Fig7.jpg, id=120, 144.54pt x 139.2402pt>
File: ./images/Fig7.jpg Graphic file (type jpg)
<use ./images/Fig7.jpg>
Package pdftex.def Info: ./images/Fig7.jpg  used on input line 142.
(pdftex.def)             Requested size: 216.80943pt x 208.85977pt.


LaTeX Warning: `!h' float specifier changed to `!ht'.

<./images/Fig8.jpg, id=122, 144.54pt x 139.2402pt>
File: ./images/Fig8.jpg Graphic file (type jpg)
<use ./images/Fig8.jpg>
Package pdftex.def Info: ./images/Fig8.jpg  used on input line 153.
(pdftex.def)             Requested size: 216.80943pt x 208.85977pt.

LaTeX Warning: `!h' float specifier changed to `!ht'.

[4 <./images/Fig6.jpg>]
<./images/Fig9.jpg, id=138, 144.54pt x 139.2402pt>
File: ./images/Fig9.jpg Graphic file (type jpg)
<use ./images/Fig9.jpg>
Package pdftex.def Info: ./images/Fig9.jpg  used on input line 165.
(pdftex.def)             Requested size: 216.80943pt x 208.85977pt.


LaTeX Warning: `!h' float specifier changed to `!ht'.

[5 <./images/Fig7.jpg> <./images/Fig8.jpg>]
<./images/Fig10.jpg, id=145, 144.54pt x 139.2402pt>
File: ./images/Fig10.jpg Graphic file (type jpg)
<use ./images/Fig10.jpg>
Package pdftex.def Info: ./images/Fig10.jpg  used on input line 180.
(pdftex.def)             Requested size: 202.35458pt x 194.93494pt.
<./images/Fig11.jpg, id=148, 110.814pt x 106.7187pt>
File: ./images/Fig11.jpg Graphic file (type jpg)
<use ./images/Fig11.jpg>
Package pdftex.def Info: ./images/Fig11.jpg  used on input line 190.
(pdftex.def)             Requested size: 166.22055pt x 160.07764pt.


LaTeX Warning: `!h' float specifier changed to `!ht'.

[6 <./images/Fig9.jpg> <./images/Fig10.jpg>]
<./images/Fig12.jpg, id=156, 144.54pt x 61.4295pt>
File: ./images/Fig12.jpg Graphic file (type jpg)
<use ./images/Fig12.jpg>
Package pdftex.def Info: ./images/Fig12.jpg  used on input line 203.
(pdftex.def)             Requested size: 404.7114pt x 172.00232pt.

Underfull \hbox (badness 10000) in paragraph at lines 209--215
\OT1/cmr/m/n/10 Data Set:
 []


Underfull \hbox (badness 10000) in paragraph at lines 209--215

 []

[7 <./images/Fig11.jpg> <./images/Fig12.jpg>]
<./images/Fig13.jpg, id=164, 144.54pt x 85.7604pt>
File: ./images/Fig13.jpg Graphic file (type jpg)
<use ./images/Fig13.jpg>
Package pdftex.def Info: ./images/Fig13.jpg  used on input line 226.
(pdftex.def)             Requested size: 187.90195pt x 111.48848pt.
<./images/Fig14.jpg, id=165, 144.54pt x 85.7604pt>
File: ./images/Fig14.jpg Graphic file (type jpg)
<use ./images/Fig14.jpg>
Package pdftex.def Info: ./images/Fig14.jpg  used on input line 231.
(pdftex.def)             Requested size: 187.90195pt x 111.48848pt.
<./images/Fig15.jpg, id=166, 144.54pt x 85.7604pt>
File: ./images/Fig15.jpg Graphic file (type jpg)
<use ./images/Fig15.jpg>
Package pdftex.def Info: ./images/Fig15.jpg  used on input line 236.
(pdftex.def)             Requested size: 187.90195pt x 111.48848pt.
 [8 <./images/Fig13.jpg> <./images/Fig14.jpg> <./images/Fig15.jpg>]
<./images/Fig16.jpg, id=173, 144.54pt x 85.7604pt>
File: ./images/Fig16.jpg Graphic file (type jpg)
<use ./images/Fig16.jpg>
Package pdftex.def Info: ./images/Fig16.jpg  used on input line 241.
(pdftex.def)             Requested size: 187.90195pt x 111.48848pt.
<./images/Fig17.jpg, id=174, 144.54pt x 85.7604pt>
File: ./images/Fig17.jpg Graphic file (type jpg)
<use ./images/Fig17.jpg>
Package pdftex.def Info: ./images/Fig17.jpg  used on input line 246.
(pdftex.def)             Requested size: 187.90195pt x 111.48848pt.
<./images/Table1.png, id=175, 641.39626pt x 507.8975pt>
File: ./images/Table1.png Graphic file (type png)
<use ./images/Table1.png>
Package pdftex.def Info: ./images/Table1.png  used on input line 254.
(pdftex.def)             Requested size: 166.7591pt x 132.05023pt.
 [9 <./images/Fig16.jpg> <./images/Fig17.jpg> <./images/Table1.png>]
<./images/Table2.png, id=184, 727.71875pt x 140.525pt>
File: ./images/Table2.png Graphic file (type png)
<use ./images/Table2.png>
Package pdftex.def Info: ./images/Table2.png  used on input line 263.
(pdftex.def)             Requested size: 218.3173pt x 42.15782pt.
<./images/Table3.png, id=186, 596.2275pt x 409.53pt>
File: ./images/Table3.png Graphic file (type png)
<use ./images/Table3.png>
Package pdftex.def Info: ./images/Table3.png  used on input line 273.
(pdftex.def)             Requested size: 178.86963pt x 122.85994pt.
<./images/Table4.png, id=187, 561.09625pt x 400.49625pt>
File: ./images/Table4.png Graphic file (type png)
<use ./images/Table4.png>
Package pdftex.def Info: ./images/Table4.png  used on input line 279.
(pdftex.def)             Requested size: 168.33017pt x 120.1498pt.
 (./The Proposed Method for Hand Gesture Recognition.bbl)
Package atveryend Info: Empty hook `BeforeClearDocument' on input line 285.
[10 <./images/Table2.png> <./images/Table3.png> <./images/Table4.png>]
Package atveryend Info: Empty hook `AfterLastShipout' on input line 285.

(./The Proposed Method for Hand Gesture Recognition.aux)
Package atveryend Info: Executing hook `AtVeryEndDocument' on input line 285.
Package atveryend Info: Executing hook `AtEndAfterFileList' on input line 285.
Package rerunfilecheck Info: File `"The Proposed Method for Hand Gesture Recogn
ition".out' has not changed.
(rerunfilecheck)             Checksum: 9E68BAECA42FA45C0BDC7CCC4027AABF;1451.
Package atveryend Info: Empty hook `AtVeryVeryEnd' on input line 285.
 ) 
Here is how much of TeX's memory you used:
 7871 strings out of 482780
 117546 string characters out of 5955001
 416051 words of memory out of 5000000
 23075 multiletter control sequences out of 15000+600000
 537406 words of font info for 37 fonts, out of 8000000 for 9000
 36 hyphenation exceptions out of 8191
 43i,9n,37p,1191b,455s stack positions out of 5000i,500n,10000p,200000b,80000s
</usr/share/texlive/texmf-dist/fonts/type1/public/amsfonts/cm/cmbx10.pfb></us
r/share/texlive/texmf-dist/fonts/type1/public/amsfonts/cm/cmbx12.pfb></usr/shar
e/texlive/texmf-dist/fonts/type1/public/amsfonts/cm/cmmi10.pfb></usr/share/texl
ive/texmf-dist/fonts/type1/public/amsfonts/cm/cmmi5.pfb></usr/share/texlive/tex
mf-dist/fonts/type1/public/amsfonts/cm/cmmi7.pfb></usr/share/texlive/texmf-dist
/fonts/type1/public/amsfonts/cm/cmr10.pfb></usr/share/texlive/texmf-dist/fonts/
type1/public/amsfonts/cm/cmr5.pfb></usr/share/texlive/texmf-dist/fonts/type1/pu
blic/amsfonts/cm/cmr7.pfb></usr/share/texlive/texmf-dist/fonts/type1/public/ams
fonts/cm/cmsy10.pfb></usr/share/texlive/texmf-dist/fonts/type1/public/amsfonts/
cm/cmti10.pfb>
Output written on "The Proposed Method for Hand Gesture Recognition.pdf" (10 pa
ges, 1125197 bytes).
PDF statistics:
 246 PDF objects out of 1000 (max. 8388607)
 199 compressed objects within 2 object streams
 55 named destinations out of 1000 (max. 500000)
 260 words of extra memory for PDF output out of 10000 (max. 10000000)

